Initialize smart contract scaffold
Add ERC-20 token logic
Implement staking mechanism
Fix airdrop eligibility check
Optimize gas usage
Add unit tests for token functions
Deploy smart contracts to testnet
Implement frontend wallet connection
Add Telegram bot for airdrop distribution
Setup CI/CD for contract deployment
Write documentation for Web3 interaction
Integrate IPFS for decentralized asset storage
Initialize Axelar cross-chain airdrop contract
Implement cross-chain token transfer logic
Add recipient handling in _executeWithToken
Fix token approval and gas payment validation
Optimize gas usage in airdrop distribution
Add view function to fetch airdrop recipients
Deploy airdrop contract to Axelar testnet
Integrate frontend for airdrop claims
Add unit tests for cross-chain airdrop
Update docs for Axelar GMP integration
Initialize smart contract scaffold
Add ERC-20 token logic
Implement staking mechanism
Fix airdrop eligibility check
Optimize gas usage
Add unit tests for token functions
Deploy smart contracts to testnet
Implement frontend wallet connection
Add Telegram bot for airdrop distribution
Setup CI/CD for contract deployment
Write documentation for Web3 interaction
Integrate IPFS for decentralized asset storage
Initialize Axelar cross-chain airdrop contract
Implement cross-chain token transfer logic
Add recipient handling in _executeWithToken
Fix token approval and gas payment validation
Optimize gas usage in airdrop distribution
Add view function to fetch airdrop recipients
Deploy airdrop contract to Axelar testnet
Integrate frontend for airdrop claims
Add unit tests for cross-chain airdrop
Update docs for Axelar GMP integration
Initialize smart contract scaffold
Add ERC-20 token logic
Implement staking mechanism
Fix airdrop eligibility check
Optimize gas usage
Add unit tests for token functions
Deploy smart contracts to testnet
Implement frontend wallet connection
Add Telegram bot for airdrop distribution
Setup CI/CD for contract deployment
Write documentation for Web3 interaction
Integrate IPFS for decentralized asset storage
Initialize Axelar cross-chain airdrop contract
Implement cross-chain token transfer logic
Add recipient handling in _executeWithToken
Fix token approval and gas payment validation
Optimize gas usage in airdrop distribution
Add view function to fetch airdrop recipients
Deploy airdrop contract to Axelar testnet
Integrate frontend for airdrop claims
Add unit tests for cross-chain airdrop
Update docs for Axelar GMP integration
Initialize smart contract scaffold
